Arguments: 
  /usr/local/bin/node /usr/local/Cellar/yarn/1.22.5/libexec/bin/yarn.js install

PATH: 
  /usr/local/bin:/usr/bin:/bin:/usr/sbin:/sbin:/Library/TeX/texbin:/usr/local/share/dotnet:~/.dotnet/tools:/Library/Apple/usr/bin:/Library/Frameworks/Mono.framework/Versions/Current/Commands

Yarn version: 
  1.22.5

Node version: 
  12.18.1

Platform: 
  darwin x64

Trace: 
  SyntaxError: /Users/mehulshah/Desktop/options-calculator/packages/backend/package.json: Unexpected token } in JSON at position 590
      at JSON.parse (<anonymous>)
      at /usr/local/Cellar/yarn/1.22.5/libexec/lib/cli.js:1625:59
      at Generator.next (<anonymous>)
      at step (/usr/local/Cellar/yarn/1.22.5/libexec/lib/cli.js:310:30)
      at /usr/local/Cellar/yarn/1.22.5/libexec/lib/cli.js:321:13

npm manifest: 
  {
    "name": "backend",
    "version": "0.1.0",
    "private": true,
    "type": "module",
    "scripts": {
      "build": "node ./dist/index.js",
      "start:dev": "nodemon",
      "start": "node ./dist/index.js",
      "test": "jest"
    },
    "nodemonConfig": {
      "watch": [
        "src"
      ],
      "ext": "js",
      "exec": "yarn build"
    },
    "dependencies": {
      "cookie-parser": "~1.4.4",
      "debug": "~2.6.9",
      "express": "~4.16.1",
      "http-errors": "~1.6.3",
      "jade": "~1.11.0",
      "morgan": "~1.9.1",
      "nodemon": "^2.0.7",
      "helmet": "^3.22.0",
      "http-status-codes": "^1.4.0",
    }
  }

yarn manifest: 
  No manifest

Lockfile: 
  No lockfile
